<?xml version="1.0" encoding="UTF-8"?>
<!-- Generated by org.testng.reporters.JUnitReportReporter -->
<testsuite hostname="LAPTOP-JL6OSVP7" failures="0" tests="1" name="test.TC_004_UserHomePageDisplayTest" time="11.895" errors="0" timestamp="2025-01-13T21:28:48 IST" skipped="0">
  <testcase classname="test.TC_004_UserHomePageDisplayTest" name="UserHomePageDisplayTest" time="11.895"/>
</testsuite> <!-- test.TC_004_UserHomePageDisplayTest -->
