<?xml version="1.0" encoding="UTF-8"?>
<!-- Generated by org.testng.reporters.JUnitReportReporter -->
<testsuite hostname="LAPTOP-JL6OSVP7" failures="0" tests="4" name="test.TC_001_SignUpTest" time="29.187" errors="0" timestamp="2025-01-13T21:28:48 IST" skipped="0">
  <testcase classname="test.TC_001_SignUpTest" name="SignUpTest" time="6.595"/>
  <testcase classname="test.TC_001_SignUpTest" name="SignUpTest" time="6.354"/>
  <testcase classname="test.TC_001_SignUpTest" name="SignUpTest" time="6.319"/>
  <testcase classname="test.TC_001_SignUpTest" name="SignUpTest" time="9.919"/>
</testsuite> <!-- test.TC_001_SignUpTest -->
