<?xml version="1.0" encoding="UTF-8"?>
<!-- Generated by org.testng.reporters.JUnitReportReporter -->
<testsuite hostname="LAPTOP-JL6OSVP7" failures="0" tests="4" name="test.TC_002_LogInTest" time="41.390" errors="0" timestamp="2025-01-13T21:28:48 IST" skipped="0">
  <testcase classname="test.TC_002_LogInTest" name="LogInTest" time="13.170"/>
  <testcase classname="test.TC_002_LogInTest" name="LogInTest" time="9.652"/>
  <testcase classname="test.TC_002_LogInTest" name="LogInTest" time="9.117"/>
  <testcase classname="test.TC_002_LogInTest" name="LogInTest" time="9.451"/>
</testsuite> <!-- test.TC_002_LogInTest -->
