<?xml version="1.0" encoding="UTF-8"?>
<!-- Generated by org.testng.reporters.JUnitReportReporter -->
<testsuite hostname="LAPTOP-JL6OSVP7" failures="0" tests="1" name="test.TC_006_DeleteFromCartTest" time="60.078" errors="0" timestamp="2025-01-16T23:34:04 IST" skipped="0">
  <testcase classname="test.TC_006_DeleteFromCartTest" name="DeleteFromCartTest" time="60.078"/>
</testsuite> <!-- test.TC_006_DeleteFromCartTest -->
