<?xml version="1.0" encoding="UTF-8"?>
<!-- Generated by org.testng.reporters.JUnitReportReporter -->
<testsuite hostname="LAPTOP-JL6OSVP7" failures="0" tests="7" name="test.TC_007_PurchaseTest" time="240.988" errors="0" timestamp="2025-01-13T21:28:48 IST" skipped="0">
  <testcase classname="test.TC_007_PurchaseTest" name="AddToCartTest" time="33.422"/>
  <testcase classname="test.TC_007_PurchaseTest" name="AddToCartTest" time="33.346"/>
  <testcase classname="test.TC_007_PurchaseTest" name="AddToCartTest" time="33.493"/>
  <testcase classname="test.TC_007_PurchaseTest" name="AddToCartTest" time="33.304"/>
  <testcase classname="test.TC_007_PurchaseTest" name="AddToCartTest" time="36.761"/>
  <testcase classname="test.TC_007_PurchaseTest" name="AddToCartTest" time="35.095"/>
  <testcase classname="test.TC_007_PurchaseTest" name="AddToCartTest" time="35.567"/>
</testsuite> <!-- test.TC_007_PurchaseTest -->
