<?xml version="1.0" encoding="UTF-8"?>
<!-- Generated by org.testng.reporters.JUnitReportReporter -->
<testsuite hostname="LAPTOP-JL6OSVP7" failures="0" tests="3" name="test.TC_005_AddToCartTest" time="181.326" errors="0" timestamp="2025-01-13T21:28:48 IST" skipped="0">
  <testcase classname="test.TC_005_AddToCartTest" name="AddToCartTest" time="36.026"/>
  <testcase classname="test.TC_005_AddToCartTest" name="AddToCartTest" time="60.856"/>
  <testcase classname="test.TC_005_AddToCartTest" name="AddToCartTest" time="84.444"/>
</testsuite> <!-- test.TC_005_AddToCartTest -->
